Using pre-set license
Built from '2020.3/staging' branch; Version is '2020.3.5f1 (8095aa901b9b) revision 8426922'; Using compiler version '192528614'; Build Type 'Release'
OS: 'Windows 10 Pro; OS build 19041.928; Version 2004; 64bit' Language: 'ru' Physical Memory: 16330 MB
BatchMode: 1, IsHumanControllingUs: 0, StartBugReporterOnCrash: 0, Is64bit: 1, IsPro: 0

 COMMAND LINE ARGUMENTS:
C:\Program Files\Unity\Hub\Editor\2020.3.5f1\Editor\Unity.exe
-adb2
-batchMode
-noUpm
-name
AssetImportWorker0
-projectPath
C:/Users/HitWa/Documents/GitHub/olonkho
-logFile
Logs/AssetImportWorker0.log
-srvPort
58753
Successfully changed project path to: C:/Users/HitWa/Documents/GitHub/olonkho
C:/Users/HitWa/Documents/GitHub/olonkho
Using Asset Import Pipeline V2.
Refreshing native plugins compatible for Editor in 53.58 ms, found 1 plugins.
Preloading 0 native plugins for Editor in 0.00 ms.
Initialize engine version: 2020.3.5f1 (8095aa901b9b)
[Subsystems] Discovering subsystems at path C:/Program Files/Unity/Hub/Editor/2020.3.5f1/Editor/Data/Resources/UnitySubsystems
[Subsystems] Discovering subsystems at path C:/Users/HitWa/Documents/GitHub/olonkho/Assets
GfxDevice: creating device client; threaded=0
Direct3D:
    Version:  Direct3D 11.0 [level 11.1]
    Renderer: NVIDIA GeForce GTX 1650 SUPER (ID=0x2187)
    Vendor:   
    VRAM:     3955 MB
    Driver:   27.21.14.5751
Initialize mono
Mono path[0] = 'C:/Program Files/Unity/Hub/Editor/2020.3.5f1/Editor/Data/Managed'
Mono path[1] = 'C:/Program Files/Unity/Hub/Editor/2020.3.5f1/Editor/Data/MonoBleedingEdge/lib/mono/unityjit'
Mono config path = 'C:/Program Files/Unity/Hub/Editor/2020.3.5f1/Editor/Data/MonoBleedingEdge/etc'
Using monoOptions --debugger-agent=transport=dt_socket,embedding=1,server=y,suspend=n,address=127.0.0.1:56944
Begin MonoManager ReloadAssembly
Registering precompiled unity dll's ...
Register platform support module: C:/Program Files/Unity/Hub/Editor/2020.3.5f1/Editor/Data/PlaybackEngines/WindowsStandaloneSupport/UnityEditor.WindowsStandalone.Extensions.dll
Registered in 0.002245 seconds.
Native extension for WindowsStandalone target not found
Refreshing native plugins compatible for Editor in 46.91 ms, found 1 plugins.
Preloading 0 native plugins for Editor in 0.00 ms.
Mono: successfully reloaded assembly
- Completed reload, in  2.192 seconds
Platform modules already initialized, skipping
Registering precompiled user dll's ...
Registered in 0.001342 seconds.
Begin MonoManager ReloadAssembly
Native extension for WindowsStandalone target not found
Refreshing native plugins compatible for Editor in 52.22 ms, found 1 plugins.
Preloading 0 native plugins for Editor in 0.00 ms.
Mono: successfully reloaded assembly
- Completed reload, in  1.206 seconds
Platform modules already initialized, skipping
========================================================================
Worker process is ready to serve import requests
Launched and connected shader compiler UnityShaderCompiler.exe after 0.13 seconds
Refreshing native plugins compatible for Editor in 0.41 ms, found 1 plugins.
Preloading 0 native plugins for Editor in 0.00 ms.
Unloading 1948 Unused Serialized files (Serialized files now loaded: 0)
System memory in use before: 90.2 MB.
System memory in use after: 90.3 MB.

Unloading 19 unused Assets to reduce memory usage. Loaded Objects now: 2399.
Total: 2.461100 ms (FindLiveObjects: 0.214700 ms CreateObjectMapping: 0.051200 ms MarkObjects: 2.123500 ms  DeleteObjects: 0.070600 ms)

========================================================================
Received Import Request.
  path: Assets/sprite
  artifactKey: Guid(540f1e2b13a28c8498238b3827d8ef80) Importer(815301076,1909f56bfc062723c751e8b465ee728b)
Start importing Assets/sprite using Guid(540f1e2b13a28c8498238b3827d8ef80) Importer(815301076,1909f56bfc062723c751e8b465ee728b)  -> (artifact id: '596bb05c2b3db048806e2eb4fe880d9f') in 0.005498 seconds
  Import took 0.008861 seconds .

========================================================================
Received Import Request.
  Time since last request: 0.000266 seconds.
  path: Assets/sprite/earth.png
  artifactKey: Guid(2ac6de5750b8bc24484684984eb95830) Importer(815301076,1909f56bfc062723c751e8b465ee728b)
Start importing Assets/sprite/earth.png using Guid(2ac6de5750b8bc24484684984eb95830) Importer(815301076,1909f56bfc062723c751e8b465ee728b)  -> (artifact id: 'a73fa0a58d095b5721388eaa6388b0dd') in 0.140490 seconds
  Import took 0.144096 seconds .

========================================================================
Received Import Request.
  Time since last request: 0.000227 seconds.
  path: Assets/sprite/tree.png
  artifactKey: Guid(738d40a2b0ffb514e813f0d59f831a13) Importer(815301076,1909f56bfc062723c751e8b465ee728b)
Start importing Assets/sprite/tree.png using Guid(738d40a2b0ffb514e813f0d59f831a13) Importer(815301076,1909f56bfc062723c751e8b465ee728b)  -> (artifact id: '57f2b58073b447a5ad19b332dd06d388') in 0.013996 seconds
  Import took 0.017397 seconds .

========================================================================
Received Import Request.
  Time since last request: 0.000180 seconds.
  path: Assets/sprite/21.png
  artifactKey: Guid(4715f8b53b9c8c0479089ea1786e1134) Importer(815301076,1909f56bfc062723c751e8b465ee728b)
Start importing Assets/sprite/21.png using Guid(4715f8b53b9c8c0479089ea1786e1134) Importer(815301076,1909f56bfc062723c751e8b465ee728b)  -> (artifact id: 'bd28f1bc9ce188254168faf0bcbe6531') in 0.018280 seconds
  Import took 0.021773 seconds .

========================================================================
Received Import Request.
  Time since last request: 0.000194 seconds.
  path: Assets/sprite/mountain.png
  artifactKey: Guid(a367206cb7554124d9e85df88450b9ea) Importer(815301076,1909f56bfc062723c751e8b465ee728b)
Start importing Assets/sprite/mountain.png using Guid(a367206cb7554124d9e85df88450b9ea) Importer(815301076,1909f56bfc062723c751e8b465ee728b)  -> (artifact id: '33e6eaba54d4b91712e090b4f2cf9718') in 0.017013 seconds
  Import took 0.020547 seconds .

========================================================================
Received Import Request.
  Time since last request: 0.000185 seconds.
  path: Assets/sprite/sky.png
  artifactKey: Guid(600680621ed7a33459b05ed84187edf0) Importer(815301076,1909f56bfc062723c751e8b465ee728b)
Start importing Assets/sprite/sky.png using Guid(600680621ed7a33459b05ed84187edf0) Importer(815301076,1909f56bfc062723c751e8b465ee728b)  -> (artifact id: '64ed205a60b5196b4245a70bca826a7c') in 0.016200 seconds
  Import took 0.019784 seconds .

========================================================================
Received Import Request.
  Time since last request: 0.000174 seconds.
  path: Assets/sprite/cloud.png
  artifactKey: Guid(7fde844f49d9e184ba5324e711d3fe41) Importer(815301076,1909f56bfc062723c751e8b465ee728b)
Start importing Assets/sprite/cloud.png using Guid(7fde844f49d9e184ba5324e711d3fe41) Importer(815301076,1909f56bfc062723c751e8b465ee728b)  -> (artifact id: '3e92cc90e7e7753b6e5db05bd5c68192') in 0.009921 seconds
  Import took 0.013061 seconds .

========================================================================
Received Import Request.
  Time since last request: 123.839459 seconds.
  path: Assets/Animation/attack/attack.anim
  artifactKey: Guid(55f37aa2f5714b946b9bc2f4938f406a) Importer(815301076,1909f56bfc062723c751e8b465ee728b)
Start importing Assets/Animation/attack/attack.anim using Guid(55f37aa2f5714b946b9bc2f4938f406a) Importer(815301076,1909f56bfc062723c751e8b465ee728b)  -> (artifact id: '5c87cb1885f2ddd918fe3a1f0d340813') in 0.008178 seconds
  Import took 0.012717 seconds .

========================================================================
Received Import Request.
  Time since last request: 0.077424 seconds.
  path: Assets/Animation/attack/attack.anim
  artifactKey: Guid(55f37aa2f5714b946b9bc2f4938f406a) Importer(815301076,1909f56bfc062723c751e8b465ee728b)
Start importing Assets/Animation/attack/attack.anim using Guid(55f37aa2f5714b946b9bc2f4938f406a) Importer(815301076,1909f56bfc062723c751e8b465ee728b)  -> (artifact id: '5c87cb1885f2ddd918fe3a1f0d340813') in 0.004409 seconds
  Import took 0.008713 seconds .

========================================================================
Received Import Request.
  Time since last request: 2.313200 seconds.
  path: Assets/Animation/nyurgunBootur/nb_nk_run.anim
  artifactKey: Guid(425a9fce43b45154e9336412f04ff872) Importer(815301076,1909f56bfc062723c751e8b465ee728b)
Start importing Assets/Animation/nyurgunBootur/nb_nk_run.anim using Guid(425a9fce43b45154e9336412f04ff872) Importer(815301076,1909f56bfc062723c751e8b465ee728b)  -> (artifact id: 'e828749d5c008643607514f4e7ac318a') in 0.003506 seconds
  Import took 0.007317 seconds .

========================================================================
Received Import Request.
  Time since last request: 0.003919 seconds.
  path: Assets/Animation/nyurgunBootur/nb_nk_run.anim
  artifactKey: Guid(425a9fce43b45154e9336412f04ff872) Importer(815301076,1909f56bfc062723c751e8b465ee728b)
Start importing Assets/Animation/nyurgunBootur/nb_nk_run.anim using Guid(425a9fce43b45154e9336412f04ff872) Importer(815301076,1909f56bfc062723c751e8b465ee728b)  -> (artifact id: 'e828749d5c008643607514f4e7ac318a') in 0.003801 seconds
  Import took 0.008209 seconds .

========================================================================
Received Import Request.
  Time since last request: 1.457431 seconds.
  path: Assets/Animation/nyurgunBootur/nb_nk_jump.anim
  artifactKey: Guid(c37563692838d7946bdd9ae4971cef17) Importer(815301076,1909f56bfc062723c751e8b465ee728b)
Start importing Assets/Animation/nyurgunBootur/nb_nk_jump.anim using Guid(c37563692838d7946bdd9ae4971cef17) Importer(815301076,1909f56bfc062723c751e8b465ee728b)  -> (artifact id: '6499e08da19862de64d83b59a4ec7bad') in 0.003995 seconds
  Import took 0.008193 seconds .

========================================================================
Received Import Request.
  Time since last request: 0.006674 seconds.
  path: Assets/Animation/nyurgunBootur/nb_nk_jump.anim
  artifactKey: Guid(c37563692838d7946bdd9ae4971cef17) Importer(815301076,1909f56bfc062723c751e8b465ee728b)
Start importing Assets/Animation/nyurgunBootur/nb_nk_jump.anim using Guid(c37563692838d7946bdd9ae4971cef17) Importer(815301076,1909f56bfc062723c751e8b465ee728b)  -> (artifact id: '6499e08da19862de64d83b59a4ec7bad') in 0.003507 seconds
  Import took 0.007468 seconds .

========================================================================
Received Import Request.
  Time since last request: 1.793736 seconds.
  path: Assets/Animation/nyurgunBootur/nb_nk_idle.anim
  artifactKey: Guid(5419ea3fd74921d4c917d1ab7044d303) Importer(815301076,1909f56bfc062723c751e8b465ee728b)
Start importing Assets/Animation/nyurgunBootur/nb_nk_idle.anim using Guid(5419ea3fd74921d4c917d1ab7044d303) Importer(815301076,1909f56bfc062723c751e8b465ee728b)  -> (artifact id: '6587fa3de3904b4dfe56b7ef4d638173') in 0.003941 seconds
  Import took 0.008001 seconds .

========================================================================
Received Import Request.
  Time since last request: 0.007021 seconds.
  path: Assets/Animation/nyurgunBootur/nb_nk_idle.anim
  artifactKey: Guid(5419ea3fd74921d4c917d1ab7044d303) Importer(815301076,1909f56bfc062723c751e8b465ee728b)
Start importing Assets/Animation/nyurgunBootur/nb_nk_idle.anim using Guid(5419ea3fd74921d4c917d1ab7044d303) Importer(815301076,1909f56bfc062723c751e8b465ee728b)  -> (artifact id: '6587fa3de3904b4dfe56b7ef4d638173') in 0.013740 seconds
  Import took 0.017737 seconds .

